<?xml version="1.0" encoding="GBK" standalone="no"?>
<!DOCTYPE log SYSTEM "logger.dtd">
<log>
<record>
  <date>2018-04-04T16:05:24</date>
  <millis>1522829124904</millis>
  <sequence>0</sequence>
  <logger>jMetal</logger>
  <level>INFO</level>
  <class>normalGA.pathPlanning.core.Normal_GA_PathPlanning_main</class>
  <method>main</method>
  <thread>1</thread>
  <message>Total execution time: 701ms</message>
</record>
<record>
  <date>2018-04-04T16:05:24</date>
  <millis>1522829124939</millis>
  <sequence>1</sequence>
  <logger>jMetal</logger>
  <level>INFO</level>
  <class>normalGA.pathPlanning.core.Normal_GA_PathPlanning_main</class>
  <method>main</method>
  <thread>1</thread>
  <message>Variables values have been writen to file VAR</message>
</record>
<record>
  <date>2018-04-04T16:05:24</date>
  <millis>1522829124951</millis>
  <sequence>2</sequence>
  <logger>jMetal</logger>
  <level>INFO</level>
  <class>normalGA.pathPlanning.core.Normal_GA_PathPlanning_main</class>
  <method>main</method>
  <thread>1</thread>
  <message>Fitness values have been writen to file FIT</message>
</record>
<record>
  <date>2018-04-04T16:05:24</date>
  <millis>1522829124960</millis>
  <sequence>3</sequence>
  <logger>jMetal</logger>
  <level>INFO</level>
  <class>normalGA.pathPlanning.core.Normal_GA_PathPlanning_main</class>
  <method>main</method>
  <thread>1</thread>
  <message>Objectives values have been writen to file FUN</message>
</record>
</log>
